TN:
SF:components/Button.tsx
FN:9,(anonymous_0)
FNF:1
FNH:1
FNDA:7,(anonymous_0)
DA:9,1
DA:10,7
LF:2
LH:2
BRDA:9,0,0,5
BRDA:14,1,0,7
BRDA:14,1,1,5
BRDA:15,2,0,2
BRDA:15,2,1,5
BRDA:16,3,0,2
BRDA:16,3,1,5
BRF:7
BRH:7
end_of_record
TN:
SF:components/Container.tsx
FN:3,(anonymous_0)
FNF:1
FNH:0
FNDA:0,(anonymous_0)
DA:3,0
DA:4,0
LF:2
LH:0
BRF:0
BRH:0
end_of_record
TN:
SF:components/EditScreenInfo.tsx
FN:3,(anonymous_0)
FNF:1
FNH:0
FNDA:0,(anonymous_0)
DA:3,0
DA:4,0
DA:6,0
DA:8,0
LF:4
LH:0
BRF:0
BRH:0
end_of_record
TN:
SF:components/ErrorBoundary.tsx
FN:17,(anonymous_0)
FN:22,(anonymous_1)
FN:26,(anonymous_2)
FN:31,(anonymous_3)
FN:35,(anonymous_4)
FN:45,(anonymous_5)
FNF:6
FNH:0
FNDA:0,(anonymous_0)
FNDA:0,(anonymous_1)
FNDA:0,(anonymous_2)
FNDA:0,(anonymous_3)
FNDA:0,(anonymous_4)
FNDA:0,(anonymous_5)
DA:18,0
DA:19,0
DA:23,0
DA:27,0
DA:28,0
DA:31,0
DA:32,0
DA:36,0
DA:37,0
DA:38,0
DA:41,0
DA:45,0
DA:49,0
LF:13
LH:0
BRDA:36,0,0,0
BRDA:36,0,1,0
BRDA:37,1,0,0
BRDA:37,1,1,0
BRDA:64,2,0,0
BRDA:64,2,1,0
BRDA:64,2,2,0
BRF:7
BRH:0
end_of_record
TN:
SF:components/ErrorMessage.tsx
FN:9,(anonymous_0)
FNF:1
FNH:0
FNDA:0,(anonymous_0)
DA:9,0
DA:10,0
LF:2
LH:0
BRDA:13,0,0,0
BRDA:13,0,1,0
BRF:2
BRH:0
end_of_record
TN:
SF:components/ListItem.tsx
FN:12,(anonymous_0)
FN:18,(anonymous_1)
FN:30,(anonymous_2)
FNF:3
FNH:3
FNDA:8,(anonymous_0)
FNDA:1,(anonymous_1)
FNDA:1,(anonymous_2)
DA:12,1
DA:13,8
DA:18,1
DA:30,1
LF:4
LH:4
BRDA:12,0,0,4
BRDA:15,1,0,4
BRDA:15,1,1,4
BRDA:18,2,0,1
BRDA:18,2,1,1
BRDA:30,3,0,1
BRDA:30,3,1,1
BRDA:33,4,0,4
BRDA:33,4,1,4
BRDA:39,5,0,4
BRDA:39,5,1,4
BRF:11
BRH:11
end_of_record
TN:
SF:components/LoadingIndicator.tsx
FN:7,(anonymous_0)
FNF:1
FNH:1
FNDA:1,(anonymous_0)
DA:7,1
DA:8,1
LF:2
LH:2
BRDA:7,0,0,1
BRF:1
BRH:1
end_of_record
TN:
SF:components/NetworkStatus.tsx
FN:10,(anonymous_0)
FN:15,(anonymous_1)
FN:16,(anonymous_2)
FN:34,(anonymous_3)
FN:39,(anonymous_4)
FNF:5
FNH:0
FNDA:0,(anonymous_0)
FNDA:0,(anonymous_1)
FNDA:0,(anonymous_2)
FNDA:0,(anonymous_3)
FNDA:0,(anonymous_4)
DA:10,0
DA:11,0
DA:12,0
DA:13,0
DA:15,0
DA:16,0
DA:17,0
DA:19,0
DA:20,0
DA:22,0
DA:23,0
DA:24,0
DA:29,0
DA:30,0
DA:34,0
DA:39,0
DA:42,0
DA:43,0
DA:46,0
LF:19
LH:0
BRDA:17,0,0,0
BRDA:17,0,1,0
BRDA:19,1,0,0
BRDA:19,1,1,0
BRDA:22,2,0,0
BRDA:22,2,1,0
BRDA:29,3,0,0
BRDA:29,3,1,0
BRDA:42,4,0,0
BRDA:42,4,1,0
BRDA:42,5,0,0
BRDA:42,5,1,0
BRDA:67,6,0,0
BRDA:67,6,1,0
BRF:14
BRH:0
end_of_record
TN:
SF:components/ScreenContent.tsx
FN:11,(anonymous_0)
FNF:1
FNH:0
FNDA:0,(anonymous_0)
DA:11,0
DA:12,0
DA:21,0
LF:3
LH:0
BRF:0
BRH:0
end_of_record
TN:
SF:components/TaskItem.tsx
FN:14,(anonymous_0)
FN:15,(anonymous_1)
FN:23,(anonymous_2)
FNF:3
FNH:3
FNDA:11,(anonymous_0)
FNDA:1,(anonymous_1)
FNDA:1,(anonymous_2)
DA:14,1
DA:15,11
DA:16,1
DA:18,1
DA:19,1
DA:23,11
DA:24,1
DA:26,1
DA:27,1
DA:31,11
LF:10
LH:10
BRDA:14,0,0,9
BRDA:14,1,0,9
BRDA:16,2,0,1
BRDA:16,2,1,0
BRDA:16,3,0,1
BRDA:16,3,1,1
BRDA:24,4,0,1
BRDA:24,4,1,0
BRDA:33,5,0,1
BRDA:33,5,1,10
BRDA:36,6,0,2
BRDA:36,6,1,9
BRDA:36,7,0,2
BRDA:36,7,1,9
BRDA:41,8,0,11
BRDA:41,8,1,9
BRDA:45,9,0,1
BRDA:45,9,1,10
BRDA:49,10,0,2
BRDA:49,10,1,9
BRDA:51,11,0,1
BRDA:51,11,1,8
BRDA:57,12,0,1
BRDA:57,12,1,10
BRDA:61,13,0,11
BRDA:61,13,1,11
BRDA:66,14,0,9
BRDA:66,14,1,2
BRDA:68,15,0,2
BRDA:68,15,1,0
BRDA:74,16,0,11
BRDA:74,16,1,1
BRDA:79,17,0,11
BRDA:79,17,1,2
BRF:34
BRH:31
end_of_record
TN:
SF:hooks/index.ts
FNF:0
FNH:0
LF:0
LH:0
BRF:0
BRH:0
end_of_record
TN:
SF:hooks/useLists.ts
FN:15,(anonymous_0)
FN:16,(anonymous_1)
FN:17,(anonymous_2)
FN:18,(anonymous_3)
FN:22,(anonymous_4)
FN:29,(anonymous_5)
FN:32,(anonymous_6)
FN:37,(anonymous_7)
FN:40,(anonymous_8)
FN:44,(anonymous_9)
FN:47,(anonymous_10)
FN:53,(anonymous_11)
FN:58,(anonymous_12)
FN:74,(anonymous_13)
FN:80,(anonymous_14)
FN:87,(anonymous_15)
FN:93,(anonymous_16)
FN:101,(anonymous_17)
FN:105,(anonymous_18)
FN:107,(anonymous_19)
FN:116,(anonymous_20)
FN:121,(anonymous_21)
FN:129,(anonymous_22)
FN:131,(anonymous_23)
FN:135,(anonymous_24)
FN:137,(anonymous_25)
FN:142,(anonymous_26)
FN:148,(anonymous_27)
FNF:28
FNH:0
FNDA:0,(anonymous_0)
FNDA:0,(anonymous_1)
FNDA:0,(anonymous_2)
FNDA:0,(anonymous_3)
FNDA:0,(anonymous_4)
FNDA:0,(anonymous_5)
FNDA:0,(anonymous_6)
FNDA:0,(anonymous_7)
FNDA:0,(anonymous_8)
FNDA:0,(anonymous_9)
FNDA:0,(anonymous_10)
FNDA:0,(anonymous_11)
FNDA:0,(anonymous_12)
FNDA:0,(anonymous_13)
FNDA:0,(anonymous_14)
FNDA:0,(anonymous_15)
FNDA:0,(anonymous_16)
FNDA:0,(anonymous_17)
FNDA:0,(anonymous_18)
FNDA:0,(anonymous_19)
FNDA:0,(anonymous_20)
FNDA:0,(anonymous_21)
FNDA:0,(anonymous_22)
FNDA:0,(anonymous_23)
FNDA:0,(anonymous_24)
FNDA:0,(anonymous_25)
FNDA:0,(anonymous_26)
FNDA:0,(anonymous_27)
DA:13,0
DA:15,0
DA:16,0
DA:17,0
DA:18,0
DA:22,0
DA:23,0
DA:29,0
DA:30,0
DA:32,0
DA:37,0
DA:38,0
DA:40,0
DA:44,0
DA:45,0
DA:47,0
DA:53,0
DA:54,0
DA:56,0
DA:60,0
DA:63,0
DA:66,0
DA:74,0
DA:75,0
DA:76,0
DA:80,0
DA:81,0
DA:82,0
DA:85,0
DA:89,0
DA:90,0
DA:95,0
DA:96,0
DA:101,0
DA:102,0
DA:104,0
DA:106,0
DA:109,0
DA:110,0
DA:111,0
DA:116,0
DA:117,0
DA:119,0
DA:123,0
DA:126,0
DA:129,0
DA:130,0
DA:131,0
DA:135,0
DA:136,0
DA:137,0
DA:140,0
DA:144,0
DA:145,0
DA:150,0
DA:152,0
LF:56
LH:0
BRDA:37,0,0,0
BRDA:48,1,0,0
BRDA:48,1,1,0
BRDA:75,2,0,0
BRDA:75,2,1,0
BRDA:81,3,0,0
BRDA:81,3,1,0
BRDA:89,4,0,0
BRDA:89,4,1,0
BRDA:130,5,0,0
BRDA:130,5,1,0
BRDA:136,6,0,0
BRDA:136,6,1,0
BRDA:144,7,0,0
BRDA:144,7,1,0
BRF:15
BRH:0
end_of_record
TN:
SF:hooks/useTasks.ts
FN:20,(anonymous_0)
FN:21,(anonymous_1)
FN:22,(anonymous_2)
FN:23,(anonymous_3)
FN:24,(anonymous_4)
FN:25,(anonymous_5)
FN:26,(anonymous_6)
FN:27,(anonymous_7)
FN:31,(anonymous_8)
FN:38,(anonymous_9)
FN:41,(anonymous_10)
FN:46,(anonymous_11)
FN:49,(anonymous_12)
FN:54,(anonymous_13)
FN:57,(anonymous_14)
FN:62,(anonymous_15)
FN:65,(anonymous_16)
FN:70,(anonymous_17)
FN:77,(anonymous_18)
FN:84,(anonymous_19)
FN:87,(anonymous_20)
FN:93,(anonymous_21)
FN:98,(anonymous_22)
FN:115,(anonymous_23)
FN:121,(anonymous_24)
FN:128,(anonymous_25)
FN:134,(anonymous_26)
FN:144,(anonymous_27)
FN:148,(anonymous_28)
FN:150,(anonymous_29)
FN:175,(anonymous_30)
FN:179,(anonymous_31)
FN:181,(anonymous_32)
FN:189,(anonymous_33)
FN:199,(anonymous_34)
FN:201,(anonymous_35)
FN:210,(anonymous_36)
FN:211,(anonymous_37)
FN:213,(anonymous_38)
FN:224,(anonymous_39)
FN:230,(anonymous_40)
FN:240,(anonymous_41)
FN:245,(anonymous_42)
FN:254,(anonymous_43)
FN:263,(anonymous_44)
FN:265,(anonymous_45)
FN:269,(anonymous_46)
FN:271,(anonymous_47)
FN:277,(anonymous_48)
FN:287,(anonymous_49)
FNF:50
FNH:29
FNDA:39,(anonymous_0)
FNDA:11,(anonymous_1)
FNDA:9,(anonymous_2)
FNDA:0,(anonymous_3)
FNDA:0,(anonymous_4)
FNDA:3,(anonymous_5)
FNDA:3,(anonymous_6)
FNDA:0,(anonymous_7)
FNDA:4,(anonymous_8)
FNDA:3,(anonymous_9)
FNDA:1,(anonymous_10)
FNDA:2,(anonymous_11)
FNDA:1,(anonymous_12)
FNDA:0,(anonymous_13)
FNDA:0,(anonymous_14)
FNDA:0,(anonymous_15)
FNDA:0,(anonymous_16)
FNDA:0,(anonymous_17)
FNDA:0,(anonymous_18)
FNDA:0,(anonymous_19)
FNDA:0,(anonymous_20)
FNDA:4,(anonymous_21)
FNDA:2,(anonymous_22)
FNDA:2,(anonymous_23)
FNDA:2,(anonymous_24)
FNDA:1,(anonymous_25)
FNDA:1,(anonymous_26)
FNDA:2,(anonymous_27)
FNDA:1,(anonymous_28)
FNDA:1,(anonymous_29)
FNDA:2,(anonymous_30)
FNDA:1,(anonymous_31)
FNDA:1,(anonymous_32)
FNDA:1,(anonymous_33)
FNDA:1,(anonymous_34)
FNDA:0,(anonymous_35)
FNDA:0,(anonymous_36)
FNDA:0,(anonymous_37)
FNDA:0,(anonymous_38)
FNDA:0,(anonymous_39)
FNDA:1,(anonymous_40)
FNDA:2,(anonymous_41)
FNDA:1,(anonymous_42)
FNDA:0,(anonymous_43)
FNDA:1,(anonymous_44)
FNDA:0,(anonymous_45)
FNDA:0,(anonymous_46)
FNDA:0,(anonymous_47)
FNDA:0,(anonymous_48)
FNDA:1,(anonymous_49)
DA:18,1
DA:20,39
DA:21,11
DA:22,9
DA:23,0
DA:24,0
DA:25,3
DA:26,3
DA:27,0
DA:31,1
DA:32,4
DA:38,1
DA:39,3
DA:41,1
DA:46,1
DA:47,2
DA:49,1
DA:54,1
DA:55,0
DA:57,0
DA:62,1
DA:63,0
DA:65,0
DA:70,1
DA:71,0
DA:77,1
DA:78,0
DA:84,1
DA:85,0
DA:87,0
DA:93,1
DA:94,4
DA:96,4
DA:100,2
DA:103,2
DA:106,2
DA:115,2
DA:116,2
DA:117,0
DA:121,2
DA:122,2
DA:123,0
DA:126,2
DA:130,1
DA:131,0
DA:136,1
DA:137,1
DA:138,1
DA:139,1
DA:144,1
DA:145,2
DA:147,2
DA:149,1
DA:152,1
DA:153,1
DA:156,1
DA:157,0
DA:161,1
DA:162,0
DA:164,1
DA:165,0
DA:169,1
DA:170,1
DA:175,1
DA:176,2
DA:178,2
DA:180,1
DA:183,1
DA:186,1
DA:189,1
DA:190,1
DA:191,0
DA:199,1
DA:200,1
DA:201,0
DA:202,0
DA:209,1
DA:210,0
DA:212,0
DA:213,0
DA:214,0
DA:222,1
DA:226,0
DA:227,0
DA:232,1
DA:233,1
DA:234,1
DA:235,1
DA:240,1
DA:241,2
DA:243,2
DA:247,1
DA:250,1
DA:253,1
DA:254,1
DA:256,1
DA:261,1
DA:263,1
DA:264,1
DA:265,0
DA:268,1
DA:269,0
DA:270,0
DA:271,0
DA:275,1
DA:279,0
DA:280,0
DA:283,0
DA:284,0
DA:289,1
LF:110
LH:76
BRDA:88,0,0,0
BRDA:88,0,1,0
BRDA:116,1,0,2
BRDA:116,1,1,0
BRDA:122,2,0,2
BRDA:122,2,1,0
BRDA:130,3,0,0
BRDA:130,3,1,1
BRDA:156,4,0,0
BRDA:156,4,1,1
BRDA:161,5,0,0
BRDA:161,5,1,1
BRDA:164,6,0,0
BRDA:164,6,1,1
BRDA:190,7,0,1
BRDA:190,7,1,0
BRDA:200,8,0,1
BRDA:200,8,1,0
BRDA:202,9,0,0
BRDA:202,9,1,0
BRDA:212,10,0,0
BRDA:212,10,1,0
BRDA:214,11,0,0
BRDA:214,11,1,0
BRDA:226,12,0,0
BRDA:226,12,1,0
BRDA:256,13,0,0
BRDA:256,13,1,1
BRDA:264,14,0,1
BRDA:264,14,1,0
BRDA:268,15,0,0
BRDA:268,15,1,1
BRDA:270,16,0,0
BRDA:270,16,1,0
BRDA:279,17,0,0
BRDA:279,17,1,0
BRDA:283,18,0,0
BRDA:283,18,1,0
BRDA:283,19,0,0
BRDA:283,19,1,0
BRF:40
BRH:11
end_of_record
TN:
SF:queries/lists.ts
FN:22,(anonymous_0)
FN:48,(anonymous_1)
FN:70,(anonymous_2)
FN:97,(anonymous_3)
FN:126,(anonymous_4)
FN:150,(anonymous_5)
FN:177,(anonymous_6)
FNF:7
FNH:0
FNDA:0,(anonymous_0)
FNDA:0,(anonymous_1)
FNDA:0,(anonymous_2)
FNDA:0,(anonymous_3)
FNDA:0,(anonymous_4)
FNDA:0,(anonymous_5)
FNDA:0,(anonymous_6)
DA:22,0
DA:23,0
DA:24,0
DA:48,0
DA:49,0
DA:50,0
DA:70,0
DA:71,0
DA:72,0
DA:97,0
DA:98,0
DA:99,0
DA:126,0
DA:127,0
DA:128,0
DA:150,0
DA:151,0
DA:152,0
DA:177,0
DA:178,0
DA:179,0
LF:21
LH:0
BRDA:177,0,0,0
BRF:1
BRH:0
end_of_record
TN:
SF:queries/tasks.ts
FN:22,(anonymous_0)
FN:48,(anonymous_1)
FN:70,(anonymous_2)
FN:106,(anonymous_3)
FN:151,(anonymous_4)
FN:191,(anonymous_5)
FN:218,(anonymous_6)
FN:249,(anonymous_7)
FN:275,(anonymous_8)
FN:297,(anonymous_9)
FN:323,(anonymous_10)
FN:350,(anonymous_11)
FNF:12
FNH:12
FNDA:1,(anonymous_0)
FNDA:1,(anonymous_1)
FNDA:1,(anonymous_2)
FNDA:1,(anonymous_3)
FNDA:1,(anonymous_4)
FNDA:1,(anonymous_5)
FNDA:1,(anonymous_6)
FNDA:1,(anonymous_7)
FNDA:1,(anonymous_8)
FNDA:1,(anonymous_9)
FNDA:1,(anonymous_10)
FNDA:1,(anonymous_11)
DA:22,2
DA:23,1
DA:24,1
DA:48,2
DA:49,1
DA:50,1
DA:70,2
DA:71,1
DA:72,1
DA:106,2
DA:116,1
DA:117,1
DA:151,2
DA:164,1
DA:165,1
DA:191,2
DA:192,1
DA:193,1
DA:218,2
DA:219,1
DA:220,1
DA:249,2
DA:250,1
DA:251,1
DA:275,2
DA:276,1
DA:277,1
DA:297,2
DA:298,1
DA:299,1
DA:323,2
DA:324,1
DA:325,1
DA:326,1
DA:350,2
DA:351,1
DA:352,1
LF:37
LH:37
BRF:0
BRH:0
end_of_record
TN:
SF:queries/utils.ts
FN:1,(anonymous_0)
FN:2,(anonymous_1)
FNF:2
FNH:0
FNDA:0,(anonymous_0)
FNDA:0,(anonymous_1)
DA:1,1
DA:2,0
DA:3,0
LF:3
LH:1
BRF:0
BRH:0
end_of_record
